[ERROR]: Unable to read HTTP Request on client socket :  Errno:22 Exist PID:10553[ERROR]: Unable to read HTTP Request on client socket :  Errno:22 Exist PID:10555[ERROR]: Unable to read HTTP Request on client socket :  Errno:22 Exist PID:10556[ERROR]: Unable to read HTTP Request on client socket :  Errno:22 Exist PID:10552[ERROR]: Unable to read HTTP Request on client socket :  Errno:22 Exist PID:10554




[LOG] filepath : www/index.html
[LOG] filepath : www/css/magnific-popup.css[LOG] filepath : www/css/default.css
[LOG] filepath : www/css/themes/glassero/default.css
[LOG] filepath : www/js/modernizr.custom.js

[LOG] filepath : www/images/portfolio/medium/1.jpg
[LOG] filepath : www/index.html
[LOG] filepath : www/css/magnific-popup.css
[LOG] filepath : www/css/default.css[LOG] filepath : www/css/themes/glassero/default.css

[LOG] filepath : www/js/modernizr.custom.js
[LOG] filepath : www/js/jquery.min.js
[LOG] filepath : www/js/classie.js
[LOG] filepath : www/js/waypoints.min.js
[LOG] filepath : www/js/jquery.debouncedresize.js
[LOG] filepath : www/js/jquery.isotope.min.js
[LOG] filepath : www/js/jquery.magnific-popup.min.js[LOG] filepath : www/js/custom.js

[LOG] filepath : www/images/portfolio/medium/1.jpg
[LOG] filepath : www/css/themes/glassero/images/logo.png
[LOG] filepath : www/css/themes/glassero/images/scroll.png
[LOG] filepath : www/images/portfolio/medium/2.jpg
[LOG] filepath : www/images/portfolio/medium/3.jpg
[LOG] filepath : www/images/portfolio/medium/4.jpg
[LOG] filepath : www/images/portfolio/medium/5.jpg
[LOG] filepath : www/images/portfolio/medium/6.jpg
[LOG] filepath : www/images/portfolio/medium/7.jpg
[LOG] filepath : www/images/portfolio/medium/8.jpg
[LOG] filepath : www/images/team/manager.png
[LOG] filepath : www/images/team/designer.png
[LOG] filepath : www/images/team/developper.png
[LOG] filepath : www/css/themes/glassero/images/quote.png
[LOG] filepath : www/css/themes/glassero/images/twitter.png
[LOG] filepath : www/css/themes/glassero/images/facebook.png
[LOG] filepath : www/index.html
[LOG] filepath : www/css/magnific-popup.css
[LOG] filepath : www/css/default.css[LOG] filepath : www/css/themes/glassero/default.css

[LOG] filepath : www/js/modernizr.custom.js
[LOG] filepath : www/js/jquery.min.js
[LOG] filepath : www/js/classie.js
[LOG] filepath : www/js/waypoints.min.js
[LOG] filepath : www/js/jquery.debouncedresize.js
[LOG] filepath : www/js/jquery.isotope.min.js[LOG] filepath : www/js/jquery.magnific-popup.min.js
[LOG] filepath : www/js/custom.js

[LOG] filepath : www/images/portfolio/medium/1.jpg
[LOG] filepath : www/css/themes/glassero/images/logo.png
[LOG] filepath : www/css/themes/glassero/images/scroll.png
[LOG] filepath : www/images/portfolio/medium/2.jpg[LOG] filepath : www/images/portfolio/medium/3.jpg

[LOG] filepath : www/images/portfolio/medium/4.jpg
[LOG] filepath : www/images/portfolio/medium/5.jpg
[LOG] filepath : www/images/portfolio/medium/6.jpg
[LOG] filepath : www/images/portfolio/medium/7.jpg
[LOG] filepath : www/images/portfolio/medium/8.jpg
[LOG] filepath : www/images/team/manager.png
[LOG] filepath : www/images/team/designer.png
[LOG] filepath : www/images/team/developper.png
[LOG] filepath : www/css/themes/glassero/images/quote.png
[LOG] filepath : www/css/themes/glassero/images/twitter.png
[LOG] filepath : www/css/themes/glassero/images/facebook.png
[LOG] filepath : www/80
[LOG] filepath : www/css/themes/glassero/images/quote.png[LOG] filepath : www/css/themes/glassero/images/facebook.png

[LOG] filepath : www/images/team/developper.png[LOG] filepath : www/css/themes/glassero/images/twitter.png

[LOG] filepath : www/index.html
[LOG] filepath : www/css/magnific-popup.css
[LOG] filepath : www/css/default.css[LOG] filepath : www/js/modernizr.custom.js[LOG] filepath : www/css/themes/glassero/default.css
[LOG] filepath : www/images/portfolio/medium/1.jpg


[LOG] filepath : www/js/jquery.min.js
[LOG] filepath : www/js/classie.js
[LOG] filepath : www/js/waypoints.min.js
[LOG] filepath : www/js/jquery.debouncedresize.js[LOG] filepath : www/js/jquery.isotope.min.js
[LOG] filepath : www/js/jquery.magnific-popup.min.js

[LOG] filepath : www/js/custom.js
[LOG] filepath : www/css/themes/glassero/images/logo.png
[LOG] filepath : www/css/themes/glassero/images/scroll.png
[LOG] filepath : www/images/portfolio/medium/2.jpg
[LOG] filepath : www/images/portfolio/medium/3.jpg[LOG] filepath : www/images/portfolio/medium/4.jpg

[LOG] filepath : www/images/portfolio/medium/5.jpg
[LOG] filepath : www/images/portfolio/medium/6.jpg
[LOG] filepath : www/images/portfolio/medium/7.jpg
[LOG] filepath : www/images/portfolio/medium/8.jpg
[LOG] filepath : www/images/team/manager.png[LOG] filepath : www/images/team/designer.png

[LOG] filepath : www/images/portfolio/medium/5.jpg
[LOG] filepath : www/images/portfolio/medium/8.jpg[LOG] filepath : www/images/team/manager.png[LOG] filepath : www/images/portfolio/medium/7.jpg[LOG] filepath : www/images/team/designer.png[LOG] filepath : www/images/portfolio/medium/6.jpg




[LOG] filepath : www/k
[ERROR]: Unable to read HTTP Request on client socket :  Errno:22 Exist PID:11439[ERROR]: Unable to read HTTP Request on client socket :  Errno:22 Exist PID:11443[ERROR]: Unable to read HTTP Request on client socket :  Errno:22 Exist PID:11442[ERROR]: Unable to read HTTP Request on client socket :  Errno:22 Exist PID:11440[ERROR]: Unable to read HTTP Request on client socket :  Errno:22 Exist PID:11441




