[LOG] #### SHOW_HTTP_REQUEST #### : 

[LOG] HTTP Version : HTTP/1.1
[LOG] HTTP Request uri : index.html
[LOG] #### SHOW_HTTP_REQUEST #### : 

[LOG] HTTP Version : HTTP/1.1
[LOG] HTTP Request uri : index.html
[LOG] #### SHOW_HTTP_REQUEST #### : 

[LOG] HTTP Version : HTTP/1.1
[LOG] HTTP Request uri : index.html
[LOG] #### SHOW_HTTP_REQUEST #### : 

[LOG] HTTP Version : HTTP/1.1
[LOG] HTTP Request uri : index.html
[LOG] #### SHOW_HTTP_REQUEST #### : 

[LOG] HTTP Version : HTTP/1.1
[LOG] HTTP Request uri : index.html
[LOG] #### SHOW_HTTP_REQUEST #### : 

[LOG] HTTP Version : HTTP/1.1
[LOG] HTTP Request uri : index.html
[LOG] #### SHOW_HTTP_REQUEST #### : 

[LOG] HTTP Version : HTTP/1.1
[LOG] HTTP Request uri : index.html
[LOG] #### SHOW_HTTP_REQUEST #### : 

[LOG] HTTP Version : HTTP/1.1
[LOG] HTTP Request uri : index.html
[LOG] #### SHOW_HTTP_REQUEST #### : 

[LOG] HTTP Version : HTTP/1.1
[LOG] HTTP Request uri : /get.html HT
[LOG] #### SHOW_HTTP_REQUEST #### : 

[LOG] HTTP Version : HTTP/1.1
[LOG] HTTP Request uri : /get.html HT
[LOG] #### SHOW_HTTP_REQUEST #### : 

[LOG] HTTP Version : HTTP/1.1
[LOG] HTTP Request uri : /favicon.ico HT
[LOG] #### SHOW_HTTP_REQUEST #### : 

[LOG] HTTP Version : HTTP/1.1
[LOG] HTTP Request uri : /index.html HT
[LOG] #### SHOW_HTTP_REQUEST #### : 

[LOG] #### SHOW_HTTP_REQUEST #### : 
[LOG] #### SHOW_HTTP_REQUEST #### : 
[LOG] #### SHOW_HTTP_REQUEST #### : 
[LOG] HTTP Version : HTTP/1.1


[LOG] #### SHOW_HTTP_REQUEST #### : 

[LOG] HTTP Version : HTTP/1.1[LOG] HTTP Version : HTTP/1.1
[LOG] HTTP Request uri : /css/magnific-popup.css HT[LOG] HTTP Version : HTTP/1.1



[LOG] HTTP Request uri : /css/default.css HT[LOG] HTTP Version : HTTP/1.1[LOG] HTTP Request uri : /js/modernizr.custom.js HT[LOG] HTTP Request uri : /css/themes/glassero/default.css HT



[LOG] HTTP Request uri : /images/portfolio/medium/1.jpg HT
[LOG] #### SHOW_HTTP_REQUEST #### : 

[LOG] HTTP Version : HTTP/1.1
[LOG] HTTP Request uri : /js/jquery.min.js HT
[LOG] #### SHOW_HTTP_REQUEST #### : 

[LOG] HTTP Version : HTTP/1.1[LOG] #### SHOW_HTTP_REQUEST #### : 


[LOG] #### SHOW_HTTP_REQUEST #### : 
[LOG] #### SHOW_HTTP_REQUEST #### : 
[LOG] #### SHOW_HTTP_REQUEST #### : 
[LOG] HTTP Request uri : /js/classie.js HT


[LOG] HTTP Version : HTTP/1.1
[LOG] HTTP Version : HTTP/1.1[LOG] HTTP Version : HTTP/1.1
[LOG] HTTP Version : HTTP/1.1


[LOG] HTTP Request uri : /js/waypoints.min.js HT[LOG] HTTP Request uri : /js/jquery.magnific-popup.min.js HT
[LOG] HTTP Request uri : /js/jquery.isotope.min.js HT[LOG] HTTP Request uri : /js/jquery.debouncedresize.js HT


[LOG] #### SHOW_HTTP_REQUEST #### : 

[LOG] HTTP Version : HTTP/1.1
[LOG] HTTP Request uri : /js/custom.js HT
[LOG] #### SHOW_HTTP_REQUEST #### : 

[LOG] HTTP Version : HTTP/1.1
[LOG] HTTP Request uri : /css/themes/glassero/images/logo-medium.png HT
[LOG] #### SHOW_HTTP_REQUEST #### : 

[LOG] HTTP Version : HTTP/1.1
[LOG] #### SHOW_HTTP_REQUEST #### : 
[LOG] #### SHOW_HTTP_REQUEST #### : 
[LOG] #### SHOW_HTTP_REQUEST #### : 



[LOG] HTTP Request uri : /css/themes/glassero/images/scroll.png HT
[LOG] HTTP Version : HTTP/1.1[LOG] HTTP Version : HTTP/1.1

[LOG] HTTP Version : HTTP/1.1[LOG] HTTP Request uri : /images/portfolio/medium/4.jpg HT[LOG] HTTP Request uri : /images/portfolio/medium/3.jpg HT


[LOG] HTTP Request uri : /images/portfolio/medium/2.jpg HT
[LOG] #### SHOW_HTTP_REQUEST #### : 

[LOG] HTTP Version : HTTP/1.1
[LOG] HTTP Request uri : /images/portfolio/medium/5.jpg HT
[LOG] #### SHOW_HTTP_REQUEST #### : 

[LOG] HTTP Version : HTTP/1.1
[LOG] HTTP Request uri : /images/portfolio/medium/6.jpg HT
[LOG] #### SHOW_HTTP_REQUEST #### : 

[LOG] HTTP Version : HTTP/1.1
[LOG] HTTP Request uri : /images/portfolio/medium/7.jpg HT
[LOG] #### SHOW_HTTP_REQUEST #### : 
[LOG] #### SHOW_HTTP_REQUEST #### : 
[LOG] #### SHOW_HTTP_REQUEST #### : 



[LOG] HTTP Version : HTTP/1.1[LOG] HTTP Version : HTTP/1.1

[LOG] HTTP Version : HTTP/1.1
[LOG] HTTP Request uri : /images/portfolio/medium/8.jpg HT[LOG] HTTP Request uri : /images/team/manager.png HT

[LOG] HTTP Request uri : /images/team/designer.png HT
[LOG] #### SHOW_HTTP_REQUEST #### : 

[LOG] HTTP Version : HTTP/1.1
[LOG] HTTP Request uri : /images/team/developper.png HT
[LOG] #### SHOW_HTTP_REQUEST #### : 

[LOG] HTTP Version : HTTP/1.1
[LOG] HTTP Request uri : /css/themes/glassero/images/quote.png HT
[LOG] #### SHOW_HTTP_REQUEST #### : 

[LOG] HTTP Version : HTTP/1.1
[LOG] HTTP Request uri : /css/themes/glassero/images/twitter.png HT
[LOG] #### SHOW_HTTP_REQUEST #### : 

[LOG] HTTP Version : HTTP/1.1
[LOG] HTTP Request uri : /css/themes/glassero/images/facebook.png HT
[LOG] #### SHOW_HTTP_REQUEST #### : 

[LOG] HTTP Version : HTTP/1.1
[LOG] HTTP Request uri : /favicon.ico HT
[LOG] #### SHOW_HTTP_REQUEST #### : 

[LOG] HTTP Version : HTTP/1.1
[LOG] HTTP Request uri : /css/themes/glassero/images/icone.png HT
[SORRY]: Unable to load file : css/magnific-popup.css HTTP[SORRY]: Unable to load file : css/default.css HTTP[SORRY]: Unable to load file : js/modernizr.custom.js HTTP[SORRY]: Unable to load file : js/jquery.min.js HTTP



[SORRY]: Unable to load file : css/themes/glassero/default.css HTTP
[SORRY]: Unable to load file : css/magnific-popup.css HTTP[SORRY]: Unable to load file : css/default.css HTTP
[SORRY]: Unable to load file : js/classie.js HTTP
[SORRY]: Unable to load file : js/waypoints.min.js HTTP[SORRY]: Unable to load file : js/jquery.isotope.min.js HTTP


[SORRY]: Unable to load file : js/jquery.magnific-popup.min.js HTTP[SORRY]: Unable to load file : js/jquery.debouncedresize.js HTTP
[SORRY]: Unable to load file : js/custom.js HTTP

[SORRY]: Unable to load file : images/portfolio/medium/1.jpg HTTP[SORRY]: Unable to load file : images/portfolio/medium/2.jpg HTTP

[SORRY]: Unable to load file : images/portfolio/medium/3.jpg HTTP[SORRY]: Unable to load file : images/portfolio/medium/4.jpg HTTP[SORRY]: Unable to load file : images/portfolio/medium/5.jpg HTTP


[SORRY]: Unable to load file : images/portfolio/medium/6.jpg HTTP
[SORRY]: Unable to load file : images/portfolio/medium/7.jpg HTTP[SORRY]: Unable to load file : images/portfolio/medium/8.jpg HTTP
[SORRY]: Unable to load file : images/team/manager.png HTTP
[SORRY]: Unable to load file : images/team/designer.png HTTP[SORRY]: Unable to load file : images/team/developper.png HTTP


[SORRY]: Unable to load file : favicon.ico HTTP
[SORRY]: Unable to load file : css/magnific-popup.css HT[SORRY]: Unable to load file : css/default.css HT[SORRY]: Unable to load file : js/modernizr.custom.js HT

[SORRY]: Unable to load file : css/themes/glassero/default.css HT
[SORRY]: Unable to load file : images/portfolio/medium/1.jpg HT

[SORRY]: Unable to load file : css/magnific-popup.css HT[SORRY]: Unable to load file : css/default.css HT[SORRY]: Unable to load file : js/jquery.min.js HT
[SORRY]: Unable to load file : css/themes/glassero/default.css HT


[SORRY]: Unable to load file : js/classie.js HT
[SORRY]: Unable to load file : js/waypoints.min.js HT[SORRY]: Unable to load file : js/jquery.debouncedresize.js HT[SORRY]: Unable to load file : js/jquery.magnific-popup.min.js HT[SORRY]: Unable to load file : js/jquery.isotope.min.js HT



[SORRY]: Unable to load file : js/custom.js HT[SORRY]: Unable to load file : js/modernizr.custom.js HT

[SORRY]: Unable to load file : images/portfolio/medium/1.jpg HT
[SORRY]: Unable to load file : images/portfolio/medium/2.jpg HT[SORRY]: Unable to load file : images/portfolio/medium/5.jpg HT[SORRY]: Unable to load file : images/portfolio/medium/3.jpg HT[SORRY]: Unable to load file : images/portfolio/medium/6.jpg HT
[SORRY]: Unable to load file : images/portfolio/medium/4.jpg HT



[SORRY]: Unable to load file : images/portfolio/medium/7.jpg HT
[SORRY]: Unable to load file : images/portfolio/medium/8.jpg HT[SORRY]: Unable to load file : images/team/manager.png HT
[SORRY]: Unable to load file : images/team/developper.png HT
[SORRY]: Unable to load file : images/team/designer.png HT

[SORRY]: Unable to load file : favicon.ico HT
[SORRY]: Unable to load file : css/magnific-popup.css HTT[SORRY]: Unable to load file : css/default.css HTT
[SORRY]: Unable to load file : css/themes/glassero/default.css HTT
[SORRY]: Unable to load file : js/modernizr.custom.js HTT[SORRY]: Unable to load file : images/portfolio/medium/1.jpg HTT


[SORRY]: Unable to load file : css/magnific-popup.css HTT[SORRY]: Unable to load file : css/default.css HTT[SORRY]: Unable to load file : css/themes/glassero/default.css HTT

[SORRY]: Unable to load file : js/jquery.min.js HTT
[SORRY]: Unable to load file : js/classie.js HTT[SORRY]: Unable to load file : js/waypoints.min.js HTT


[SORRY]: Unable to load file : js/jquery.debouncedresize.js HTT[SORRY]: Unable to load file : js/jquery.isotope.min.js HTT[SORRY]: Unable to load file : js/jquery.magnific-popup.min.js HTT

[SORRY]: Unable to load file : js/custom.js HTT[SORRY]: Unable to load file : js/modernizr.custom.js HTT

[SORRY]: Unable to load file : images/portfolio/medium/1.jpg HTT

[SORRY]: Unable to load file : images/portfolio/medium/2.jpg HTT[SORRY]: Unable to load file : images/portfolio/medium/5.jpg HTT
[SORRY]: Unable to load file : images/portfolio/medium/6.jpg HTT
[SORRY]: Unable to load file : images/portfolio/medium/3.jpg HTT[SORRY]: Unable to load file : images/portfolio/medium/4.jpg HTT


[SORRY]: Unable to load file : images/portfolio/medium/8.jpg HTT[SORRY]: Unable to load file : images/portfolio/medium/7.jpg HTT

[SORRY]: Unable to load file : images/team/manager.png HTT[SORRY]: Unable to load file : images/team/designer.png HTT[SORRY]: Unable to load file : images/team/developper.png HTT


[SORRY]: Unable to load file : favicon.ico HTT
[SORRY]: Unable to load file : css/magnific-popup.css [SORRY]: Unable to load file : js/modernizr.custom.js 
[SORRY]: Unable to load file : css/default.css [SORRY]: Unable to load file : css/themes/glassero/default.css 


[SORRY]: Unable to load file : css/magnific-popup.css [SORRY]: Unable to load file : js/jquery.min.js 
[SORRY]: Unable to load file : css/default.css [SORRY]: Unable to load file : js/classie.js [SORRY]: Unable to load file : css/themes/glassero/default.css 



[SORRY]: Unable to load file : css/magnific-popup.css [SORRY]: Unable to load file : js/waypoints.min.js 

[SORRY]: Unable to load file : js/jquery.debouncedresize.js [SORRY]: Unable to load file : js/jquery.magnific-popup.min.js [SORRY]: Unable to load file : js/jquery.isotope.min.js 


[SORRY]: Unable to load file : js/custom.js [SORRY]: Unable to load file : js/modernizr.custom.js 

[SORRY]: Unable to load file : images/portfolio/medium/1.jpg 
[SORRY]: Unable to load file : images/portfolio/medium/2.jpg 
[SORRY]: Unable to load file : images/portfolio/medium/3.jpg [SORRY]: Unable to load file : images/portfolio/medium/4.jpg [SORRY]: Unable to load file : images/portfolio/medium/5.jpg [SORRY]: Unable to load file : images/portfolio/medium/6.jpg 
[SORRY]: Unable to load file : images/portfolio/medium/7.jpg 



[SORRY]: Unable to load file : images/portfolio/medium/8.jpg 
[SORRY]: Unable to load file : images/team/designer.png [SORRY]: Unable to load file : images/team/developper.png 
[SORRY]: Unable to load file : images/team/manager.png 

[SORRY]: Unable to load file : favicon.ico 
[SORRY]: Unable to load file : /css/magnific-popup.css[SORRY]: Unable to load file : /css/default.css
[SORRY]: Unable to load file : /js/modernizr.custom.js
[SORRY]: Unable to load file : /css/themes/glassero/default.css[SORRY]: Unable to load file : /images/portfolio/medium/1.jpg


[SORRY]: Unable to load file : /css/default.css[SORRY]: Unable to load file : /css/magnific-popup.css[SORRY]: Unable to load file : /js/jquery.min.js

[SORRY]: Unable to load file : /js/classie.js

[SORRY]: Unable to load file : /css/themes/glassero/default.css[SORRY]: Unable to load file : /js/waypoints.min.js[SORRY]: Unable to load file : /js/jquery.debouncedresize.js

[SORRY]: Unable to load file : /js/jquery.isotope.min.js[SORRY]: Unable to load file : /js/jquery.magnific-popup.min.js

[SORRY]: Unable to load file : /js/custom.js

[SORRY]: Unable to load file : /images/portfolio/medium/1.jpg[SORRY]: Unable to load file : /js/modernizr.custom.js

[SORRY]: Unable to load file : /images/portfolio/medium/2.jpg
[SORRY]: Unable to load file : /images/portfolio/medium/5.jpg[SORRY]: Unable to load file : /images/portfolio/medium/3.jpg[SORRY]: Unable to load file : /images/portfolio/medium/4.jpg[SORRY]: Unable to load file : /images/portfolio/medium/6.jpg



[SORRY]: Unable to load file : /images/portfolio/medium/7.jpg
[SORRY]: Unable to load file : /images/portfolio/medium/8.jpg[SORRY]: Unable to load file : /images/team/manager.png[SORRY]: Unable to load file : /images/team/designer.png

[SORRY]: Unable to load file : /images/team/developper.png

[SORRY]: Unable to load file : /favicon.ico
[LOG] Buffer dump: : 
[LOG] Buffer dump: : favicon.ico
[LOG] Dump: : index.html
[LOG] Dump: : css/magnific-popup.css
[LOG] Dump: : css/default.css[LOG] Dump: : js/modernizr.custom.js
[LOG] Dump: : js/jquery.min.js[LOG] Dump: : css/themes/glassero/default.css


[LOG] Dump: : js/classie.js
[LOG] Dump: : js/waypoints.min.js
[LOG] Dump: : js/jquery.debouncedresize.js
[LOG] Dump: : js/jquery.isotope.min.js[LOG] Dump: : js/jquery.magnific-popup.min.js

[LOG] Dump: : js/custom.js
[LOG] Dump: : images/portfolio/medium/1.jpg
[LOG] Dump: : css/themes/glassero/images/logo.png
[LOG] Dump: : css/themes/glassero/images/scroll.png
[LOG] Dump: : images/portfolio/medium/2.jpg
[LOG] Dump: : images/portfolio/medium/3.jpg
[LOG] Dump: : images/portfolio/medium/4.jpg
[LOG] Dump: : index.html
[LOG] Dump: : favicon.ico
[LOG] Dump : index.html
[LOG] Dump : css/magnific-popup.css
[LOG] Dump : css/default.css
[LOG] Dump : js/modernizr.custom.js[LOG] Dump : images/portfolio/medium/1.jpg[LOG] Dump : css/themes/glassero/default.css


[LOG] Dump : js/jquery.min.js
[LOG] Dump : js/classie.js
[LOG] Dump : js/waypoints.min.js
[LOG] Dump : js/jquery.magnific-popup.min.js[LOG] Dump : js/jquery.debouncedresize.js
[LOG] Dump : js/jquery.isotope.min.js

[LOG] Dump : js/custom.js
[LOG] Dump : images/portfolio/medium/3.jpg
[LOG] Dump : images/portfolio/medium/2.jpg
[LOG] Dump : images/portfolio/medium/1.jpg
[LOG] Dump : images/portfolio/medium/4.jpg[LOG] Dump : images/portfolio/medium/5.jpg

[LOG] Dump : index.html
[LOG] Dump : css/magnific-popup.css
[LOG] Dump : css/default.css
[LOG] Dump : css/themes/glassero/default.css[LOG] Dump : js/modernizr.custom.js[LOG] Dump : js/jquery.min.js


[LOG] Dump : js/classie.js
[LOG] Dump : js/waypoints.min.js
[LOG] Dump : js/jquery.debouncedresize.js
[LOG] Dump : js/jquery.isotope.min.js
[LOG] Dump : js/jquery.magnific-popup.min.js[LOG] Dump : js/custom.js

[LOG] Dump : images/portfolio/medium/1.jpg
[LOG] Dump : images/portfolio/medium/3.jpg
[LOG] Dump : images/portfolio/medium/2.jpg
[LOG] Dump : images/portfolio/medium/4.jpg
[LOG] Dump : images/portfolio/medium/5.jpg[LOG] Dump : images/portfolio/medium/6.jpg

[LOG] Dump : images/portfolio/medium/7.jpg
[LOG] Dump : images/portfolio/medium/8.jpg
[LOG] Dump : images/team/manager.png
[LOG] Dump : images/team/designer.png
[LOG] Dump : images/team/developper.png
[LOG] Dump : images/portfolio/medium/3.jpg
[LOG] Dump : images/portfolio/medium/2.jpg
[LOG] Dump : images/portfolio/medium/4.jpg
[LOG] Dump : images/portfolio/medium/5.jpg
[LOG] Dump : images/portfolio/medium/6.jpg
[LOG] Dump : favicon.ico
[LOG] Dump : images/portfolio/medium/7.jpg
[LOG] Dump : images/portfolio/medium/8.jpg
[LOG] Dump : images/team/manager.png
[LOG] Dump : images/team/designer.png
[LOG] Dump : images/team/developper.png
[LOG] Dump : images/portfolio/medium/3.jpg[LOG] Dump : images/portfolio/medium/4.jpg[LOG] Dump : images/portfolio/medium/2.jpg[LOG] Dump : images/portfolio/medium/6.jpg[LOG] Dump : images/portfolio/medium/5.jpg
[LOG] Dump : images/portfolio/medium/7.jpg




[LOG] Dump : images/team/manager.png
[LOG] Dump : images/team/designer.png[LOG] Dump : images/team/developper.png[LOG] Dump : images/portfolio/medium/8.jpg


[LOG] Dump : index.html
[LOG] Dump : css/magnific-popup.css
[LOG] Dump : css/default.css[LOG] Dump : css/themes/glassero/default.css[LOG] Dump : js/modernizr.custom.js[LOG] Dump : js/jquery.min.js



[LOG] Dump : js/classie.js
[LOG] Dump : js/waypoints.min.js
[LOG] Dump : js/jquery.debouncedresize.js
[LOG] Dump : js/jquery.isotope.min.js[LOG] Dump : js/jquery.magnific-popup.min.js
[LOG] Dump : js/custom.js

[LOG] Dump : images/portfolio/medium/1.jpg
[LOG] Dump : images/portfolio/medium/3.jpg
[LOG] Dump : images/portfolio/medium/2.jpg
[LOG] Dump : images/portfolio/medium/4.jpg[LOG] Dump : images/portfolio/medium/5.jpg[LOG] Dump : images/portfolio/medium/6.jpg


[LOG] Dump : images/portfolio/medium/7.jpg
[LOG] Dump : images/portfolio/medium/3.jpg
[LOG] Dump : images/portfolio/medium/2.jpg
[LOG] Dump : images/portfolio/medium/8.jpg[LOG] Dump : images/team/manager.png
[LOG] Dump : images/portfolio/medium/5.jpg

[LOG] Dump : images/team/designer.png
[LOG] Dump : images/portfolio/medium/4.jpg
[LOG] Dump : images/portfolio/medium/6.jpg
[LOG] Dump : images/team/developper.png
[LOG] Dump : images/portfolio/medium/7.jpg[LOG] Dump : images/portfolio/medium/8.jpg

[LOG] Dump : images/team/manager.png
[LOG] Dump : images/portfolio/medium/3.jpg
[LOG] Dump : images/portfolio/medium/2.jpg
[LOG] Dump : images/portfolio/medium/5.jpg
[LOG] Dump : images/team/designer.png
[LOG] Dump : images/team/developper.png
[LOG] Dump : favicon.ico
[LOG] Dump : images/portfolio/medium/1.jpg
[LOG] Dump : images/portfolio/medium/3.jpg
[LOG] Dump : images/portfolio/medium/2.jpg
[LOG] Dump : images/portfolio/medium/4.jpg[LOG] Dump : images/portfolio/medium/5.jpg

[LOG] Dump : images/portfolio/medium/6.jpg
[LOG] Dump : images/portfolio/medium/7.jpg
[LOG] Dump : images/team/manager.png
[LOG] Dump : images/portfolio/medium/8.jpg
[LOG] Dump : images/team/developper.png[LOG] Dump : images/team/designer.png

[LOG] Dump : index.html
[LOG] Dump : css/magnific-popup.css[LOG] Dump : css/default.css
[LOG] Dump : css/themes/glassero/default.css[LOG] Dump : js/modernizr.custom.js
[LOG] Dump : js/jquery.min.js


[LOG] Dump : js/classie.js
[LOG] Dump : js/waypoints.min.js
[LOG] Dump : js/jquery.debouncedresize.js[LOG] Dump : js/jquery.isotope.min.js

[LOG] Dump : js/jquery.magnific-popup.min.js
[LOG] Dump : js/custom.js
[LOG] Dump : images/portfolio/medium/1.jpg
[LOG] Dump : images/portfolio/medium/3.jpg
[LOG] Dump : images/portfolio/medium/2.jpg
[LOG] Dump : images/portfolio/medium/4.jpg
[LOG] Dump : images/portfolio/medium/5.jpg
[LOG] Dump : images/portfolio/medium/6.jpg
[LOG] Dump : images/portfolio/medium/1.jpg
[LOG] Dump : images/portfolio/medium/7.jpg
[LOG] Dump : images/portfolio/medium/8.jpg[LOG] Dump : images/team/manager.png

[LOG] Dump : images/team/designer.png
[LOG] Dump : images/team/developper.png
[LOG] Dump : favicon.ico
[LOG] Dump : index.html
[LOG] Dump : css/default.css[LOG] Dump : css/magnific-popup.css
[LOG] Dump : js/modernizr.custom.js[LOG] Dump : css/themes/glassero/default.css[LOG] Dump : images/portfolio/medium/1.jpg



[LOG] Dump : js/jquery.min.js
[LOG] Dump : js/classie.js
[LOG] Dump : js/waypoints.min.js
[LOG] Dump : js/jquery.debouncedresize.js[LOG] Dump : js/jquery.isotope.min.js[LOG] Dump : js/jquery.magnific-popup.min.js


[LOG] Dump : js/custom.js
[LOG] Dump : images/portfolio/medium/3.jpg
[LOG] Dump : images/portfolio/medium/2.jpg
[LOG] Dump : images/portfolio/medium/4.jpg[LOG] Dump : images/portfolio/medium/5.jpg

[LOG] Dump : images/portfolio/medium/6.jpg
[LOG] Dump : images/portfolio/medium/7.jpg
[LOG] Dump : images/portfolio/medium/8.jpg
[LOG] Dump : images/team/manager.png
[LOG] Dump : images/team/designer.png
[LOG] Dump : images/team/developper.png
[LOG] Dump : favicon.ico
[LOG] Dump : index.html
[SORRY]: Unable to load file : /css/default.cs[SORRY]: Unable to load file : /css/themes/glassero/default.cs[SORRY]: Unable to load file : /css/magnific-popup.cs


[SORRY]: Unable to load file : /js/modernizr.custom.j[SORRY]: Unable to load file : /images/portfolio/medium/1.jp
[SORRY]: Unable to load file : /js/jquery.min.j
[SORRY]: Unable to load file : /js/classie.j

[SORRY]: Unable to load file : /js/waypoints.min.j[SORRY]: Unable to load file : /js/jquery.debouncedresize.j
[SORRY]: Unable to load file : /js/jquery.isotope.min.j

[SORRY]: Unable to load file : /js/jquery.magnific-popup.min.j[SORRY]: Unable to load file : /js/custom.j[SORRY]: Unable to load file : /images/portfolio/medium/2.jp


[SORRY]: Unable to load file : /images/portfolio/medium/4.jp[SORRY]: Unable to load file : /images/portfolio/medium/3.jp

[SORRY]: Unable to load file : /images/portfolio/medium/5.jp[SORRY]: Unable to load file : /images/portfolio/medium/6.jp[SORRY]: Unable to load file : /images/portfolio/medium/7.jp


[SORRY]: Unable to load file : /images/portfolio/medium/8.jp[SORRY]: Unable to load file : /images/team/manager.pn

[SORRY]: Unable to load file : /images/team/designer.pn
[SORRY]: Unable to load file : /images/team/developper.pn
[SORRY]: Unable to load file : /favicon.ic
[SORRY]: Unable to load file : /css/themes/glassero/default.cs
[SORRY]: Unable to load file : /css/themes/glassero/default.cs
[SORRY]: Unable to load file : /css/themes/glassero/default.cs
[SORRY]: Unable to load file : /css/themes/glassero/default.cs
[SORRY]: Unable to load file : /css/themes/glassero/default.cs
[SORRY]: Unable to load file : /css/themes/glassero/default.cs
[SORRY]: Unable to load file : /css/themes/glassero/default.cs
[SORRY]: Unable to load file : /css/themes/glassero/default.cs
[LOG] Dump : index.html
[SORRY]: Unable to load file : /css/magnific-popup.css[SORRY]: Unable to load file : /css/default.css
[SORRY]: Unable to load file : /css/themes/glassero/default.css[SORRY]: Unable to load file : /js/modernizr.custom.js

[SORRY]: Unable to load file : /images/portfolio/medium/1.jpg
[SORRY]: Unable to load file : /css/magnific-popup.css

[SORRY]: Unable to load file : /css/default.css[SORRY]: Unable to load file : /js/jquery.min.js
[SORRY]: Unable to load file : /js/waypoints.min.js
[SORRY]: Unable to load file : /css/themes/glassero/default.css[SORRY]: Unable to load file : /js/classie.js


[SORRY]: Unable to load file : /js/jquery.debouncedresize.js[SORRY]: Unable to load file : /js/jquery.isotope.min.js
[SORRY]: Unable to load file : /js/jquery.magnific-popup.min.js[SORRY]: Unable to load file : /js/custom.js

[SORRY]: Unable to load file : /js/modernizr.custom.js
[SORRY]: Unable to load file : /images/portfolio/medium/1.jpg

[SORRY]: Unable to load file : /images/portfolio/medium/2.jpg[SORRY]: Unable to load file : /images/portfolio/medium/3.jpg[SORRY]: Unable to load file : /images/portfolio/medium/4.jpg

[SORRY]: Unable to load file : /images/portfolio/medium/5.jpg
[SORRY]: Unable to load file : /images/portfolio/medium/6.jpg

[SORRY]: Unable to load file : /images/portfolio/medium/7.jpg
[SORRY]: Unable to load file : /images/portfolio/medium/8.jpg[SORRY]: Unable to load file : /images/team/designer.png[SORRY]: Unable to load file : /images/team/developper.png
[SORRY]: Unable to load file : /images/team/manager.png


[SORRY]: Unable to load file : /favicon.ico
[LOG] Dump : index.html
[SORRY]: Unable to load file : /css/magnific-popup.css[SORRY]: Unable to load file : /css/default.css[SORRY]: Unable to load file : /css/themes/glassero/default.css[SORRY]: Unable to load file : /js/modernizr.custom.js
[SORRY]: Unable to load file : /images/portfolio/medium/1.jpg



[SORRY]: Unable to load file : /css/magnific-popup.css[SORRY]: Unable to load file : /css/themes/glassero/default.css[SORRY]: Unable to load file : /css/default.css


[SORRY]: Unable to load file : /js/classie.js[SORRY]: Unable to load file : /js/jquery.min.js[SORRY]: Unable to load file : /js/waypoints.min.js
[SORRY]: Unable to load file : /js/jquery.debouncedresize.js
[SORRY]: Unable to load file : /js/jquery.isotope.min.js


[SORRY]: Unable to load file : /js/jquery.magnific-popup.min.js[SORRY]: Unable to load file : /js/custom.js[SORRY]: Unable to load file : /js/modernizr.custom.js


[SORRY]: Unable to load file : /images/portfolio/medium/1.jpg
[SORRY]: Unable to load file : /images/portfolio/medium/2.jpg[SORRY]: Unable to load file : /images/portfolio/medium/3.jpg[SORRY]: Unable to load file : /images/portfolio/medium/4.jpg


[SORRY]: Unable to load file : /images/portfolio/medium/5.jpg[SORRY]: Unable to load file : /images/portfolio/medium/6.jpg

[SORRY]: Unable to load file : /images/portfolio/medium/7.jpg[SORRY]: Unable to load file : /images/portfolio/medium/8.jpg[SORRY]: Unable to load file : /images/team/manager.png
[SORRY]: Unable to load file : /images/team/designer.png
[SORRY]: Unable to load file : /images/team/developper.png


[SORRY]: Unable to load file : /favicon.ico
[LOG] Dump : index.html
[SORRY]: Unable to load file : css/magnific-popup.css [SORRY]: Unable to load file : js/modernizr.custom.js [SORRY]: Unable to load file : images/portfolio/medium/1.jpg [SORRY]: Unable to load file : css/themes/glassero/default.css 


[SORRY]: Unable to load file : css/default.css 

[SORRY]: Unable to load file : js/jquery.min.js [SORRY]: Unable to load file : css/magnific-popup.css [SORRY]: Unable to load file : js/classie.js [SORRY]: Unable to load file : css/default.css 
[SORRY]: Unable to load file : css/themes/glassero/default.css 



[SORRY]: Unable to load file : js/jquery.debouncedresize.js [SORRY]: Unable to load file : js/jquery.isotope.min.js [SORRY]: Unable to load file : js/waypoints.min.js 
[SORRY]: Unable to load file : js/jquery.magnific-popup.min.js [SORRY]: Unable to load file : js/custom.js 



[SORRY]: Unable to load file : js/modernizr.custom.js [SORRY]: Unable to load file : images/portfolio/medium/1.jpg 

[SORRY]: Unable to load file : images/portfolio/medium/2.jpg 
[SORRY]: Unable to load file : images/portfolio/medium/3.jpg [SORRY]: Unable to load file : images/portfolio/medium/4.jpg [SORRY]: Unable to load file : images/portfolio/medium/5.jpg 
[SORRY]: Unable to load file : images/portfolio/medium/6.jpg 


[SORRY]: Unable to load file : images/portfolio/medium/7.jpg [SORRY]: Unable to load file : images/portfolio/medium/8.jpg 

[SORRY]: Unable to load file : images/team/manager.png [SORRY]: Unable to load file : images/team/developper.png [SORRY]: Unable to load file : images/team/designer.png 


[SORRY]: Unable to load file : favicon.ico 
[LOG] Dump : index.html
[LOG] Dump : css/magnific-popup.css[LOG] Dump : css/default.css[LOG] Dump : css/themes/glassero/default.css[LOG] Dump : js/modernizr.custom.js[LOG] Dump : images/portfolio/medium/1.jpg




[LOG] Dump : js/jquery.min.js
[LOG] Dump : js/classie.js
[LOG] Dump : js/jquery.debouncedresize.js[LOG] Dump : js/waypoints.min.js
[LOG] Dump : js/jquery.isotope.min.js
[LOG] Dump : js/jquery.magnific-popup.min.js

[LOG] Dump : js/custom.js
[LOG] Dump : css/themes/glassero/images/logo.png
[LOG] Dump : css/themes/glassero/images/scroll.png
[LOG] Dump : images/portfolio/medium/2.jpg[LOG] Dump : images/portfolio/medium/3.jpg

[LOG] Dump : images/portfolio/medium/4.jpg
[LOG] Dump : images/portfolio/medium/5.jpg
[LOG] Dump : images/portfolio/medium/6.jpg
[LOG] Dump : images/portfolio/medium/7.jpg
[LOG] Dump : images/portfolio/medium/8.jpg
[LOG] Dump : images/team/manager.png
[LOG] Dump : images/team/designer.png
[LOG] Dump : images/team/developper.png
[LOG] Dump : css/themes/glassero/images/quote.png
[LOG] Dump : css/themes/glassero/images/twitter.png
[LOG] Dump : css/themes/glassero/images/facebook.png
[SORRY]: Unable to load file : favicon.ico
[LOG] Dump : css/themes/glassero/images/icone.png
[ERROR]: Unable to read HTTP Request on client socket :  Errno:22 Exist PID:95297[ERROR]: Unable to read HTTP Request on client socket :  Errno:22 Exist PID:95298[ERROR]: Unable to read HTTP Request on client socket :  Errno:22 Exist PID:95299[ERROR]: Unable to read HTTP Request on client socket :  Errno:22 Exist PID:95300



[ERROR]: Unable to read HTTP Request on client socket :  Errno:22 Exist PID:95310
[ERROR]: Unable to read HTTP Request on client socket :  Errno:22 Exist PID:96032[ERROR]: Unable to read HTTP Request on client socket :  Errno:22 Exist PID:96034[ERROR]: Unable to read HTTP Request on client socket :  Errno:22 Exist PID:96035
[ERROR]: Unable to read HTTP Request on client socket :  Errno:22 Exist PID:96036
[ERROR]: Unable to read HTTP Request on client socket :  Errno:22 Exist PID:96033


[ERROR]: Unable to read HTTP Request on client socket :  Errno:22 Exist PID:97900[ERROR]: Unable to read HTTP Request on client socket :  Errno:22 Exist PID:97901[ERROR]: Unable to read HTTP Request on client socket :  Errno:22 Exist PID:97902[ERROR]: Unable to read HTTP Request on client socket :  Errno:22 Exist PID:97903[ERROR]: Unable to read HTTP Request on client socket :  Errno:22 Exist PID:97910




